2023-08-05 11:13:07,021 [ERROR] LogOutputStream:75 - [STDERR_REDIRECT] 
2023-08-05 11:13:35,366 [INFO] Activator:176 - 


2023-08-05 11:13:35,376 [INFO] Activator:177 - !SESSION log4j initialized
2023-08-05 11:13:55,198 [INFO] LogOutputStream:77 - [STDOUT_REDIRECT] 
2023-08-05 11:13:59,822 [INFO] ApplicationProperties:184 - Using Application install path: C:\ST\STM32CubeIDE_1.12.1\STM32CubeIDE\plugins\com.st.stm32cube.common.mx_6.9.1.202307191849
2023-08-05 11:13:59,837 [INFO] DbMcusXml:78 - Set database path to: C:\ST\STM32CubeIDE_1.12.1\STM32CubeIDE\plugins\com.st.stm32cube.common.mx_6.9.1.202307191849\\db\/mcu/
2023-08-05 11:13:59,839 [INFO] ApiDb:274 - Set plugin database path to: C:\ST\STM32CubeIDE_1.12.1\STM32CubeIDE\plugins\com.st.stm32cube.common.mx_6.9.1.202307191849\\db\/plugins/boardmanager/
2023-08-05 11:13:59,839 [WARN] ApiDb:259 - Overriding images path with different value:  => C:\ST\STM32CubeIDE_1.12.1\STM32CubeIDE\plugins\com.st.stm32cube.common.mx_6.9.1.202307191849\\db\/plugins/mcufinder/images/
2023-08-05 11:13:59,933 [INFO] ApiDb:250 - Set database path to: C:\Users\ravindra\.stmcufinder\plugins\mcufinder//mcu/
2023-08-05 11:13:59,936 [INFO] DbMcusAds:125 - Set database path to: C:\Users\ravindra\.stmcufinder\plugins\mcufinder//mcu/
2023-08-05 11:13:59,943 [INFO] CrossReferenceDbSqlite:203 - Set database path to: C:\Users\ravindra\.stmcufinder\plugins\mcufinder//mcu/cs/
2023-08-05 11:14:00,108 [INFO] RulesReader:64 - Compatibility file has been processed (293 Rules)
2023-08-05 11:14:00,349 [INFO] DbMcusXml:78 - Set database path to: C:\ST\STM32CubeIDE_1.12.1\STM32CubeIDE\plugins\com.st.stm32cube.common.mx_6.9.1.202307191849\\db\/mcu/
2023-08-05 11:14:00,350 [INFO] ApiDb:274 - Set plugin database path to: C:\ST\STM32CubeIDE_1.12.1\STM32CubeIDE\plugins\com.st.stm32cube.common.mx_6.9.1.202307191849\\db\/plugins/boardmanager/
2023-08-05 11:14:00,350 [INFO] ApiDb:261 - Set plugin images path to: C:\ST\STM32CubeIDE_1.12.1\STM32CubeIDE\plugins\com.st.stm32cube.common.mx_6.9.1.202307191849\\db\/plugins/mcufinder/images/
2023-08-05 11:14:00,350 [WARN] DbFile:41 - Overriding database path with different value: C:\Users\ravindra\.stmcufinder\plugins\mcufinder/ => C:\Users\ravindra\.stmcufinder\plugins\mcufinder
2023-08-05 11:14:00,350 [INFO] ApiDb:250 - Set database path to: C:\Users\ravindra\.stmcufinder\plugins\mcufinder//mcu/
2023-08-05 11:14:00,350 [WARN] DbFile:41 - Overriding database path with different value: C:\Users\ravindra\.stmcufinder\plugins\mcufinder/ => C:\Users\ravindra\.stmcufinder\plugins\mcufinder
2023-08-05 11:14:00,351 [INFO] DbMcusAds:125 - Set database path to: C:\Users\ravindra\.stmcufinder\plugins\mcufinder//mcu/
2023-08-05 11:14:00,351 [WARN] DbFile:41 - Overriding database path with different value: C:\Users\ravindra\.stmcufinder\plugins\mcufinder/ => C:\Users\ravindra\.stmcufinder\plugins\mcufinder
2023-08-05 11:14:00,351 [WARN] DbFile:41 - Overriding database path with different value: C:\Users\ravindra\.stmcufinder\plugins\mcufinder/ => C:\Users\ravindra\.stmcufinder\plugins\mcufinder
2023-08-05 11:14:00,351 [INFO] CrossReferenceDbSqlite:203 - Set database path to: C:\Users\ravindra\.stmcufinder\plugins\mcufinder//mcu/cs/
2023-08-05 11:14:00,512 [INFO] MainPanel:262 - HeapMemory: 268435456
2023-08-05 11:14:00,779 [INFO] DbMcusXml:78 - Set database path to: C:\ST\STM32CubeIDE_1.12.1\STM32CubeIDE\plugins\com.st.stm32cube.common.mx_6.9.1.202307191849\\db\/mcu/
2023-08-05 11:14:00,779 [INFO] ApiDb:274 - Set plugin database path to: C:\ST\STM32CubeIDE_1.12.1\STM32CubeIDE\plugins\com.st.stm32cube.common.mx_6.9.1.202307191849\\db\/plugins/boardmanager/
2023-08-05 11:14:00,779 [INFO] ApiDb:261 - Set plugin images path to: C:\ST\STM32CubeIDE_1.12.1\STM32CubeIDE\plugins\com.st.stm32cube.common.mx_6.9.1.202307191849\\db\/plugins/mcufinder/images/
2023-08-05 11:14:00,779 [WARN] DbFile:41 - Overriding database path with different value: C:\Users\ravindra\.stmcufinder\plugins\mcufinder/ => C:\Users\ravindra\.stmcufinder\plugins\mcufinder
2023-08-05 11:14:00,780 [INFO] ApiDb:250 - Set database path to: C:\Users\ravindra\.stmcufinder\plugins\mcufinder//mcu/
2023-08-05 11:14:00,780 [WARN] DbFile:41 - Overriding database path with different value: C:\Users\ravindra\.stmcufinder\plugins\mcufinder/ => C:\Users\ravindra\.stmcufinder\plugins\mcufinder
2023-08-05 11:14:00,780 [INFO] DbMcusAds:125 - Set database path to: C:\Users\ravindra\.stmcufinder\plugins\mcufinder//mcu/
2023-08-05 11:14:00,780 [WARN] DbFile:41 - Overriding database path with different value: C:\Users\ravindra\.stmcufinder\plugins\mcufinder/ => C:\Users\ravindra\.stmcufinder\plugins\mcufinder
2023-08-05 11:14:00,780 [WARN] DbFile:41 - Overriding database path with different value: C:\Users\ravindra\.stmcufinder\plugins\mcufinder/ => C:\Users\ravindra\.stmcufinder\plugins\mcufinder
2023-08-05 11:14:00,781 [INFO] CrossReferenceDbSqlite:203 - Set database path to: C:\Users\ravindra\.stmcufinder\plugins\mcufinder//mcu/cs/
2023-08-05 11:14:00,813 [INFO] ApplicationProperties:184 - Using Application install path: C:\ST\STM32CubeIDE_1.12.1\STM32CubeIDE\plugins\com.st.stm32cube.common.mx_6.9.1.202307191849
2023-08-05 11:14:00,815 [INFO] PluginManage:196 - Search for loadable plugins [exclusion list=, ]
2023-08-05 11:14:00,817 [INFO] PluginManage:310 - Check plugin analytics
2023-08-05 11:14:01,054 [INFO] AnalyticsPlugin:253 - Accepted Software Licenses: STM32CubeMX.6.4.0,STM32CubeMX.6.8.1
2023-08-05 11:14:01,055 [INFO] AnalyticsPlugin:255 - Accepted CMSIS Pack Licenses: 
2023-08-05 11:14:01,055 [INFO] AnalyticsPlugin:257 - Accepted Firmware Licenses: FW.F4.1.27.0
2023-08-05 11:14:01,060 [INFO] PluginManage:359 - Loaded plugin analytics (category:tool,tabindex:-1)
2023-08-05 11:14:01,060 [INFO] PluginManage:310 - Check plugin cadmodel
2023-08-05 11:14:01,468 [INFO] CADModel:105 - Init CAD model plugin
2023-08-05 11:14:01,469 [INFO] PluginManage:359 - Loaded plugin cadmodel (category:power,tabindex:5)
2023-08-05 11:14:01,469 [INFO] PluginManage:310 - Check plugin clock
2023-08-05 11:14:01,487 [INFO] PluginManage:359 - Loaded plugin clock (category:base,tabindex:2)
2023-08-05 11:14:01,487 [INFO] PluginManage:310 - Check plugin ddr
2023-08-05 11:14:01,492 [INFO] PluginManage:359 - Loaded plugin ddr (category:tool,tabindex:6)
2023-08-05 11:14:01,492 [INFO] PluginManage:310 - Check plugin filemanager
2023-08-05 11:14:01,715 [INFO] PluginManage:359 - Loaded plugin filemanager (category:base,tabindex:10)
2023-08-05 11:14:01,715 [INFO] PluginManage:310 - Check plugin ipmanager
2023-08-05 11:14:01,724 [INFO] PluginManage:359 - Loaded plugin ipmanager (category:base,tabindex:5)
2023-08-05 11:14:01,724 [INFO] PluginManage:310 - Check plugin lpbam
2023-08-05 11:14:01,736 [INFO] PluginManage:359 - Loaded plugin lpbam (category:base,tabindex:0)
2023-08-05 11:14:01,736 [INFO] PluginManage:310 - Check plugin memorymap
2023-08-05 11:14:01,746 [INFO] PluginManage:359 - Loaded plugin memorymap (category:base,tabindex:4)
2023-08-05 11:14:01,746 [INFO] PluginManage:310 - Check plugin pinoutandconfiguration
2023-08-05 11:14:01,753 [INFO] PluginManage:359 - Loaded plugin pinoutandconfiguration (category:base,tabindex:1)
2023-08-05 11:14:01,753 [INFO] PluginManage:310 - Check plugin pinoutconfig
2023-08-05 11:14:01,909 [WARN] SupportedApi:132 - Cannot load RTOS API schema: s4s-elt-must-match.1: The content of 'definitions' must match (annotation?, (simpleType | complexType)?, (unique | key | keyref)*)). A problem was found starting at: attribute.
2023-08-05 11:14:02,067 [INFO] PluginManage:359 - Loaded plugin pinoutconfig (category:base,tabindex:0)
2023-08-05 11:14:02,067 [INFO] PluginManage:310 - Check plugin power
2023-08-05 11:14:02,079 [INFO] PluginManage:359 - Loaded plugin power (category:power,tabindex:4)
2023-08-05 11:14:02,079 [INFO] PluginManage:310 - Check plugin projectmanager
2023-08-05 11:14:02,097 [INFO] PluginManage:359 - Loaded plugin projectmanager (category:projectmanager,tabindex:3)
2023-08-05 11:14:02,097 [INFO] PluginManage:310 - Check plugin thirdparty
2023-08-05 11:14:04,221 [INFO] PluginManage:359 - Loaded plugin thirdparty (category:base,tabindex:-1)
2023-08-05 11:14:04,220 [WARN] IntegrityCheckThread:84 - waiting for thirdparty lock release [integrity check]
2023-08-05 11:14:04,221 [INFO] PluginManage:310 - Check plugin tools
2023-08-05 11:14:04,221 [INFO] IntegrityCheckThread:86 - entering critical section [integrity check]
2023-08-05 11:14:04,221 [INFO] ThirdPartyUpdaterWithRetryManager:70 - Updater plugin not ready yet. [1/15]
2023-08-05 11:14:04,224 [INFO] PluginManage:359 - Loaded plugin tools (category:base,tabindex:7)
2023-08-05 11:14:04,224 [INFO] PluginManage:310 - Check plugin tutovideos
2023-08-05 11:14:04,386 [INFO] PluginManage:359 - Loaded plugin tutovideos (category:base,tabindex:-1)
2023-08-05 11:14:04,386 [INFO] PluginManage:310 - Check plugin updater
2023-08-05 11:14:04,398 [INFO] PluginManage:359 - Loaded plugin updater (category:base,tabindex:12)
2023-08-05 11:14:04,398 [INFO] PluginManage:310 - Check plugin userauth
2023-08-05 11:14:04,406 [INFO] UserAuth:113 - Init User Auth plugin
2023-08-05 11:14:04,406 [INFO] PluginManage:359 - Loaded plugin userauth (category:base,tabindex:14)
2023-08-05 11:14:04,407 [INFO] PluginManage:283 - PluginManage : Loaded plugins [17]
2023-08-05 11:14:04,899 [INFO] PinOutPanel:1499 - setPackage(No Configuration,No Configuration)
2023-08-05 11:14:05,135 [INFO] CADModel:165 - CPN selected for project level
2023-08-05 11:14:05,135 [INFO] CADModel:114 - Register for checkConnection events
2023-08-05 11:14:05,149 [INFO] IPUIPlugin:80 - create IPUIPlugin
2023-08-05 11:14:05,149 [INFO] PluginManager:220 - loadIPPluginJar : add adc
2023-08-05 11:14:05,151 [INFO] IPUIPlugin:80 - create IPUIPlugin
2023-08-05 11:14:05,152 [INFO] PluginManager:220 - loadIPPluginJar : add aes
2023-08-05 11:14:05,155 [INFO] IPUIPlugin:80 - create IPUIPlugin
2023-08-05 11:14:05,155 [INFO] PluginManager:220 - loadIPPluginJar : add can
2023-08-05 11:14:05,157 [INFO] IPUIPlugin:80 - create IPUIPlugin
2023-08-05 11:14:05,157 [INFO] PluginManager:220 - loadIPPluginJar : add comp
2023-08-05 11:14:05,159 [INFO] IPUIPlugin:80 - create IPUIPlugin
2023-08-05 11:14:05,159 [INFO] PluginManager:220 - loadIPPluginJar : add cryp
2023-08-05 11:14:05,161 [INFO] IPUIPlugin:80 - create IPUIPlugin
2023-08-05 11:14:05,161 [INFO] PluginManager:220 - loadIPPluginJar : add dfsdm
2023-08-05 11:14:05,166 [INFO] IPUIPlugin:80 - create IPUIPlugin
2023-08-05 11:14:05,166 [INFO] PluginManager:220 - loadIPPluginJar : add dma
2023-08-05 11:14:05,168 [INFO] IPUIPlugin:80 - create IPUIPlugin
2023-08-05 11:14:05,168 [INFO] PluginManager:220 - loadIPPluginJar : add dma3
2023-08-05 11:14:05,170 [INFO] IPUIPlugin:80 - create IPUIPlugin
2023-08-05 11:14:05,170 [INFO] PluginManager:220 - loadIPPluginJar : add fatfs
2023-08-05 11:14:05,173 [INFO] IPUIPlugin:80 - create IPUIPlugin
2023-08-05 11:14:05,173 [INFO] PluginManager:220 - loadIPPluginJar : add fmc
2023-08-05 11:14:05,177 [INFO] IPUIPlugin:80 - create IPUIPlugin
2023-08-05 11:14:05,177 [INFO] PluginManager:220 - loadIPPluginJar : add freertos
2023-08-05 11:14:05,178 [INFO] IPUIPlugin:80 - create IPUIPlugin
2023-08-05 11:14:05,178 [INFO] PluginManager:220 - loadIPPluginJar : add genericplugin
2023-08-05 11:14:05,180 [INFO] IPUIPlugin:80 - create IPUIPlugin
2023-08-05 11:14:05,180 [INFO] PluginManager:220 - loadIPPluginJar : add gfxmmu
2023-08-05 11:14:05,185 [INFO] IPUIPlugin:80 - create IPUIPlugin
2023-08-05 11:14:05,185 [INFO] PluginManager:220 - loadIPPluginJar : add gic
2023-08-05 11:14:05,191 [INFO] IPUIPlugin:80 - create IPUIPlugin
2023-08-05 11:14:05,191 [INFO] PluginManager:220 - loadIPPluginJar : add gpio
2023-08-05 11:14:05,195 [INFO] IPUIPlugin:80 - create IPUIPlugin
2023-08-05 11:14:05,195 [INFO] PluginManager:220 - loadIPPluginJar : add gtzc
2023-08-05 11:14:05,197 [INFO] IPUIPlugin:80 - create IPUIPlugin
2023-08-05 11:14:05,197 [INFO] PluginManager:220 - loadIPPluginJar : add hash
2023-08-05 11:14:05,200 [INFO] IPUIPlugin:80 - create IPUIPlugin
2023-08-05 11:14:05,200 [INFO] PluginManager:220 - loadIPPluginJar : add i2c
2023-08-05 11:14:05,202 [INFO] IPUIPlugin:80 - create IPUIPlugin
2023-08-05 11:14:05,204 [INFO] PluginManager:220 - loadIPPluginJar : add i2s
2023-08-05 11:14:05,206 [INFO] IPUIPlugin:80 - create IPUIPlugin
2023-08-05 11:14:05,206 [INFO] PluginManager:220 - loadIPPluginJar : add i3c
2023-08-05 11:14:05,208 [INFO] IPUIPlugin:80 - create IPUIPlugin
2023-08-05 11:14:05,208 [INFO] PluginManager:220 - loadIPPluginJar : add ipddr
2023-08-05 11:14:05,213 [INFO] IPUIPlugin:80 - create IPUIPlugin
2023-08-05 11:14:05,214 [INFO] PluginManager:220 - loadIPPluginJar : add linkedlist
2023-08-05 11:14:05,216 [INFO] IPUIPlugin:80 - create IPUIPlugin
2023-08-05 11:14:05,216 [INFO] PluginManager:220 - loadIPPluginJar : add lorawan
2023-08-05 11:14:05,217 [INFO] IPUIPlugin:80 - create IPUIPlugin
2023-08-05 11:14:05,217 [INFO] PluginManager:220 - loadIPPluginJar : add ltdc
2023-08-05 11:14:05,222 [INFO] IPUIPlugin:80 - create IPUIPlugin
2023-08-05 11:14:05,222 [INFO] PluginManager:220 - loadIPPluginJar : add mdma
2023-08-05 11:14:05,225 [INFO] IPUIPlugin:80 - create IPUIPlugin
2023-08-05 11:14:05,225 [INFO] PluginManager:220 - loadIPPluginJar : add nvic
2023-08-05 11:14:05,231 [INFO] IPUIPlugin:80 - create IPUIPlugin
2023-08-05 11:14:05,231 [INFO] PluginManager:220 - loadIPPluginJar : add opamp
2023-08-05 11:14:05,235 [INFO] IPUIPlugin:80 - create IPUIPlugin
2023-08-05 11:14:05,235 [INFO] PluginManager:220 - loadIPPluginJar : add openamp
2023-08-05 11:14:05,239 [INFO] IPUIPlugin:80 - create IPUIPlugin
2023-08-05 11:14:05,239 [INFO] PluginManager:220 - loadIPPluginJar : add pdm2pcm
2023-08-05 11:14:05,247 [INFO] IPUIPlugin:80 - create IPUIPlugin
2023-08-05 11:14:05,250 [INFO] PluginManager:220 - loadIPPluginJar : add plateformsettings
2023-08-05 11:14:05,252 [INFO] IPUIPlugin:80 - create IPUIPlugin
2023-08-05 11:14:05,252 [INFO] PluginManager:220 - loadIPPluginJar : add quadspi
2023-08-05 11:14:05,256 [INFO] IPUIPlugin:80 - create IPUIPlugin
2023-08-05 11:14:05,256 [INFO] PluginManager:220 - loadIPPluginJar : add resmgrutility
2023-08-05 11:14:05,259 [INFO] IPUIPlugin:80 - create IPUIPlugin
2023-08-05 11:14:05,259 [INFO] PluginManager:220 - loadIPPluginJar : add sai
2023-08-05 11:14:05,262 [INFO] IPUIPlugin:80 - create IPUIPlugin
2023-08-05 11:14:05,262 [INFO] PluginManager:220 - loadIPPluginJar : add spi
2023-08-05 11:14:05,266 [INFO] IPUIPlugin:80 - create IPUIPlugin
2023-08-05 11:14:05,266 [INFO] PluginManager:220 - loadIPPluginJar : add stm32_wpan
2023-08-05 11:14:05,269 [INFO] IPUIPlugin:80 - create IPUIPlugin
2023-08-05 11:14:05,269 [INFO] PluginManager:220 - loadIPPluginJar : add tim
2023-08-05 11:14:05,272 [INFO] IPUIPlugin:80 - create IPUIPlugin
2023-08-05 11:14:05,272 [INFO] PluginManager:220 - loadIPPluginJar : add touchsensing
2023-08-05 11:14:05,275 [INFO] IPUIPlugin:80 - create IPUIPlugin
2023-08-05 11:14:05,275 [INFO] PluginManager:220 - loadIPPluginJar : add tracer_emb
2023-08-05 11:14:05,276 [INFO] IPUIPlugin:80 - create IPUIPlugin
2023-08-05 11:14:05,277 [INFO] PluginManager:220 - loadIPPluginJar : add ts
2023-08-05 11:14:05,278 [INFO] IPUIPlugin:80 - create IPUIPlugin
2023-08-05 11:14:05,278 [INFO] PluginManager:220 - loadIPPluginJar : add tsc
2023-08-05 11:14:05,280 [INFO] IPUIPlugin:80 - create IPUIPlugin
2023-08-05 11:14:05,281 [INFO] PluginManager:220 - loadIPPluginJar : add ucpd
2023-08-05 11:14:05,284 [INFO] IPUIPlugin:80 - create IPUIPlugin
2023-08-05 11:14:05,284 [INFO] PluginManager:220 - loadIPPluginJar : add usart
2023-08-05 11:14:05,289 [INFO] IPUIPlugin:80 - create IPUIPlugin
2023-08-05 11:14:05,289 [INFO] PluginManager:220 - loadIPPluginJar : add usbx
2023-08-05 11:14:05,471 [INFO] CADModel:165 - CPN selected for project level
2023-08-05 11:14:05,472 [INFO] CADModel:114 - Register for checkConnection events
2023-08-05 11:14:05,473 [FATAL] Updater:308 - Updater called before beeing initialized
2023-08-05 11:14:05,473 [ERROR] CADModel:125 - Updater not yet initialized, retry later 
2023-08-05 11:14:05,839 [INFO] CADModel:165 - CPN selected for project level
2023-08-05 11:14:05,839 [INFO] CADModel:114 - Register for checkConnection events
2023-08-05 11:14:05,839 [FATAL] Updater:308 - Updater called before beeing initialized
2023-08-05 11:14:05,840 [ERROR] CADModel:125 - Updater not yet initialized, retry later 
2023-08-05 11:14:05,846 [FATAL] Updater:308 - Updater called before beeing initialized
2023-08-05 11:14:06,105 [FATAL] Updater:308 - Updater called before beeing initialized
2023-08-05 11:14:06,131 [INFO] DbMcusAds:53 - JSON generation date=Tue Mar 07 14:20:55 IST 2023 (1678179055114)
2023-08-05 11:14:06,132 [FATAL] Updater:308 - Updater called before beeing initialized
2023-08-05 11:14:06,268 [WARN] DetailPanel:346 - Failed to get advertising image, set to default
2023-08-05 11:14:06,406 [FATAL] Updater:308 - Updater called before beeing initialized
2023-08-05 11:14:06,408 [FATAL] Updater:308 - Updater called before beeing initialized
2023-08-05 11:14:06,408 [FATAL] Updater:308 - Updater called before beeing initialized
2023-08-05 11:14:06,408 [WARN] DetailPanel:346 - Failed to get advertising image, set to default
2023-08-05 11:14:06,409 [FATAL] Updater:308 - Updater called before beeing initialized
2023-08-05 11:14:06,476 [ERROR] Updater:1120 - MainUpdater not yet initialized. External WinMGr cannot be set.
2023-08-05 11:14:06,481 [INFO] Updater:1056 - Updater Version found : 6.9.1
2023-08-05 11:14:06,503 [INFO] ApplicationProperties:184 - Using Application install path: C:\ST\STM32CubeIDE_1.12.1\STM32CubeIDE\plugins\com.st.stm32cube.common.mx_6.9.1.202307191849
2023-08-05 11:14:06,984 [INFO] MainUpdater:521 - Copy updater definitions from MX database
2023-08-05 11:14:07,095 [INFO] MainUpdater:2868 - connection check result : 10
2023-08-05 11:14:07,095 [INFO] MainUpdater:3562 - Updater definition file requires update
2023-08-05 11:14:07,097 [INFO] MainUpdater:285 - Updater Check For Update Now.
2023-08-05 11:14:07,097 [INFO] MicroXplorer:498 - Change Database Version : DB.6.0.91
2023-08-05 11:14:07,106 [INFO] McuFinderGlobals:63 - Set McuFinder mode to 2 (CubeIDE integrated)
2023-08-05 11:14:07,106 [INFO] UserAuth:179 - activating auth plugin
2023-08-05 11:14:07,109 [INFO] UserAuth:393 - Internet connection configuration mode: 1
2023-08-05 11:14:07,110 [INFO] ServerAccessManage:473 - Download File updaters.zip
2023-08-05 11:14:07,155 [INFO] JxBrowserEngine:151 - Initiate JxBrowser Engine with user profile folder
2023-08-05 11:14:07,188 [INFO] FileExtend:240 - Unzip File : updaters.zip
2023-08-05 11:14:07,188 [INFO] FileExtend:255 - Standard Zip Deflate
2023-08-05 11:14:07,222 [WARN] MainUpdater:1189 - Updater busy. Cannot search thirdparties
2023-08-05 11:14:07,223 [INFO] ThirdPartyUpdaterWithRetryManager:96 - Updater plugin is busy. [1/15]
2023-08-05 11:14:07,693 [INFO] ServerAccessManage:473 - Download File PacksControlFlags.xml
2023-08-05 11:14:07,798 [INFO] ServerAccessManage:473 - Download File cubemx.pidx
2023-08-05 11:14:08,889 [INFO] LoadServerUpdatesThread:373 - End of LoadServerUpdate Thread
2023-08-05 11:14:09,313 [INFO] CheckServerUpdateThread:120 - End of CheckServer Thread
2023-08-05 11:14:11,322 [INFO] WebApp:157 - Instantiating new browser for Auth
2023-08-05 11:14:15,601 [WARN] PackLoader:240 - Cannot read IP mode file for STMicroelectronics.X-CUBE-SMBUS.2.1.0
2023-08-05 11:14:15,812 [WARN] PackLoader:240 - Cannot read IP mode file for STMicroelectronics.X-CUBE-AZRTOS-F7.1.1.0
2023-08-05 11:14:15,878 [WARN] PackLoader:240 - Cannot read IP mode file for STMicroelectronics.FP-SNS-MOTENV1.4.3.2
2023-08-05 11:14:15,950 [INFO] WebApp:753 - Register for checkConnection events
2023-08-05 11:14:15,950 [INFO] WebApp:390 - Apply proxy settings
2023-08-05 11:14:15,950 [INFO] WebApp:475 - Chromium requires no authentication
2023-08-05 11:14:15,959 [INFO] WebApp:418 - Direct internet connection detected
2023-08-05 11:14:16,035 [WARN] PackLoader:240 - Cannot read IP mode file for STMicroelectronics.FP-SNS-FLIGHT1.5.0.1
2023-08-05 11:14:16,116 [WARN] PackLoader:240 - Cannot read IP mode file for STMicroelectronics.X-CUBE-BLE1.6.2.3
2023-08-05 11:14:16,175 [WARN] PackLoader:240 - Cannot read IP mode file for STMicroelectronics.X-CUBE-BLE1.6.2.4
2023-08-05 11:14:16,198 [WARN] PackLoader:240 - Cannot read IP mode file for STMicroelectronics.FP-SNS-FLIGHT1.5.0.2
2023-08-05 11:14:16,210 [INFO] WebApp:188 - Starting web application
2023-08-05 11:14:16,210 [INFO] WebApp:520 - Web application path used C:\ST\STM32CubeIDE_1.12.1\STM32CubeIDE\plugins\com.st.stm32cube.common.mx_6.9.1.202307191849\db\plugins\mcufinder\reactClient1\index.html
2023-08-05 11:14:16,418 [WARN] PackLoader:240 - Cannot read IP mode file for STMicroelectronics.X-CUBE-DISPLAY.3.0.0
2023-08-05 11:14:16,570 [WARN] PackLoader:240 - Cannot read IP mode file for STMicroelectronics.X-CUBE-TOUCHGFX.4.22.0
2023-08-05 11:14:16,875 [WARN] PackLoader:240 - Cannot read IP mode file for STMicroelectronics.X-CUBE-MEMS1.9.3.0
2023-08-05 11:14:17,116 [INFO] LogOutputStream:77 - [STDOUT_REDIRECT] 1 : Invalid condition id : UX_CORESTACK_Condition cause : null
2023-08-05 11:14:17,116 [INFO] LogOutputStream:77 - [STDOUT_REDIRECT] 1 : Invalid condition id : UX_CORESTACK_Condition cause : null
2023-08-05 11:14:17,118 [INFO] LogOutputStream:77 - [STDOUT_REDIRECT] 1 : Invalid condition id : UX_CORESTACK_Condition cause : null
2023-08-05 11:14:17,119 [INFO] LogOutputStream:77 - [STDOUT_REDIRECT] 1 : Invalid condition id : UX_CORESTACK_Condition cause : null
2023-08-05 11:14:17,121 [INFO] LogOutputStream:77 - [STDOUT_REDIRECT] 1 : Invalid condition id : UX_CORESTACK_Condition cause : null
2023-08-05 11:14:17,126 [WARN] PackLoader:240 - Cannot read IP mode file for STMicroelectronics.X-CUBE-AZRTOS-WL.2.0.0
2023-08-05 11:14:17,141 [WARN] PackLoader:240 - Cannot read IP mode file for WES.I-CUBE-Cesium.1.3.0
2023-08-05 11:14:17,252 [WARN] PackLoader:240 - Cannot read IP mode file for STMicroelectronics.X-CUBE-BLE2.3.3.0
2023-08-05 11:14:17,264 [WARN] PackLoader:240 - Cannot read IP mode file for STMicroelectronics.X-CUBE-DISPLAY.2.2.0
2023-08-05 11:14:17,865 [WARN] PackLoader:240 - Cannot read IP mode file for STMicroelectronics.X-CUBE-TOF1.3.2.0
2023-08-05 11:14:17,882 [WARN] PackLoader:240 - Cannot read IP mode file for STMicroelectronics.X-CUBE-ISPU.1.0.0
2023-08-05 11:14:18,039 [WARN] PackLoader:240 - Cannot read IP mode file for STMicroelectronics.X-CUBE-AZRTOS-H7.2.1.0
2023-08-05 11:14:18,088 [WARN] PackLoader:240 - Cannot read IP mode file for STMicroelectronics.X-CUBE-TOUCHGFX.4.21.1
2023-08-05 11:14:18,110 [WARN] PackLoader:240 - Cannot read IP mode file for STMicroelectronics.X-CUBE-TOUCHGFX.4.21.0
2023-08-05 11:14:18,202 [WARN] PackLoader:240 - Cannot read IP mode file for STMicroelectronics.X-CUBE-MEMS1.9.4.0
2023-08-05 11:14:18,357 [WARN] PackLoader:240 - Cannot read IP mode file for STMicroelectronics.X-CUBE-AI.7.3.0
2023-08-05 11:14:18,403 [WARN] PackLoader:240 - Cannot read IP mode file for STMicroelectronics.X-CUBE-ALGOBUILD.1.3.0
2023-08-05 11:14:18,484 [WARN] PackLoader:240 - Cannot read IP mode file for STMicroelectronics.X-CUBE-AZRTOS-G0.1.1.0
2023-08-05 11:14:18,493 [WARN] PackLoader:240 - Cannot read IP mode file for STMicroelectronics.X-CUBE-NFC4.3.0.0
2023-08-05 11:14:18,569 [WARN] PackLoader:240 - Cannot read IP mode file for SEGGER.I-CUBE-embOS.1.2.1
2023-08-05 11:14:18,622 [WARN] PackLoader:240 - Cannot read IP mode file for STMicroelectronics.X-CUBE-BLEMGR.1.3.0
2023-08-05 11:14:18,634 [WARN] PackLoader:240 - Cannot read IP mode file for STMicroelectronics.FP-ATR-SIGFOX1.3.2.0
2023-08-05 11:14:18,638 [WARN] PackLoader:240 - Cannot read IP mode file for STMicroelectronics.X-CUBE-TOUCHGFX.4.20.0
2023-08-05 11:14:18,683 [WARN] PackLoader:240 - Cannot read IP mode file for SEGGER.I-CUBE-embOS.1.3.1
2023-08-05 11:14:18,736 [WARN] PackLoader:240 - Cannot read IP mode file for STMicroelectronics.X-CUBE-GNSS1.6.0.0
2023-08-05 11:14:18,765 [WARN] PackLoader:240 - Cannot read IP mode file for STMicroelectronics.X-CUBE-AZRTOS-F4.1.1.0
2023-08-05 11:14:18,775 [WARN] PackLoader:240 - Cannot read IP mode file for STMicroelectronics.X-CUBE-BLEMGR.1.2.0
2023-08-05 11:14:18,825 [WARN] PackLoader:240 - Cannot read IP mode file for STMicroelectronics.X-CUBE-MEMS1.9.6.0
2023-08-05 11:14:18,997 [WARN] PackLoader:240 - Cannot read IP mode file for emotas.I-CUBE-CANOPEN.1.1.3
2023-08-05 11:14:19,028 [WARN] PackLoader:240 - Cannot read IP mode file for STMicroelectronics.X-CUBE-BLEMGR.2.0.0
2023-08-05 11:14:19,062 [WARN] PackLoader:240 - Cannot read IP mode file for STMicroelectronics.X-CUBE-NFC4.2.0.5
2023-08-05 11:14:19,104 [WARN] PackLoader:240 - Cannot read IP mode file for STMicroelectronics.X-CUBE-NFC4.2.0.4
2023-08-05 11:14:19,188 [WARN] ConditionMgr:438 - getConditionDescription Invalid condition id : UX DEVICE CLASS RTOS Condition cause : null
2023-08-05 11:14:19,191 [WARN] ConditionMgr:438 - getConditionDescription Invalid condition id : UX DEVICE CLASS RTOS Condition cause : null
2023-08-05 11:14:19,207 [WARN] PackLoader:240 - Cannot read IP mode file for STMicroelectronics.X-CUBE-AZRTOS-H7.3.1.0
2023-08-05 11:14:19,210 [WARN] ConditionMgr:1039 - genDependencies : Invalid condition id : UX DEVICE CLASS RTOS Condition cause : null
2023-08-05 11:14:19,211 [WARN] ConditionMgr:1039 - genDependencies : Invalid condition id : UX DEVICE CLASS RTOS Condition cause : null
2023-08-05 11:14:19,213 [WARN] ConditionMgr:1039 - genDependencies : Invalid condition id : UX DEVICE CLASS RTOS Condition cause : null
2023-08-05 11:14:19,216 [WARN] ConditionMgr:1039 - genDependencies : Invalid condition id : UX DEVICE CLASS RTOS Condition cause : null
2023-08-05 11:14:19,216 [WARN] ConditionMgr:1039 - genDependencies : Invalid condition id : UX DEVICE CLASS RTOS Condition cause : null
2023-08-05 11:14:19,236 [WARN] PackLoader:240 - Cannot read IP mode file for wolfSSL.I-CUBE-wolfSSL.5.5.1
2023-08-05 11:14:19,292 [WARN] PackLoader:240 - Cannot read IP mode file for STMicroelectronics.X-CUBE-NFC7.1.0.1
2023-08-05 11:14:19,322 [WARN] PackLoader:240 - Cannot read IP mode file for STMicroelectronics.X-CUBE-NFC7.1.0.0
2023-08-05 11:14:19,348 [WARN] PackLoader:240 - Cannot read IP mode file for STMicroelectronics.X-CUBE-EEPRMA1.4.1.0
2023-08-05 11:14:19,415 [WARN] ConditionMgr:438 - getConditionDescription Invalid condition id : LAN8742 Phy interface Condition cause : null
2023-08-05 11:14:19,416 [WARN] PackLoader:240 - Cannot read IP mode file for STMicroelectronics.X-CUBE-AZRTOS-L4.2.0.0
2023-08-05 11:14:19,419 [WARN] ConditionMgr:1039 - genDependencies : Invalid condition id : LAN8742 Phy interface Condition cause : null
2023-08-05 11:14:19,419 [WARN] ConditionMgr:1039 - genDependencies : Invalid condition id : LAN8742 Phy interface Condition cause : null
2023-08-05 11:14:19,420 [WARN] ConditionMgr:1039 - genDependencies : Invalid condition id : LAN8742 Phy interface Condition cause : null
2023-08-05 11:14:19,647 [WARN] PackLoader:240 - Cannot read IP mode file for STMicroelectronics.X-CUBE-SFXS2LP1.4.0.0
2023-08-05 11:14:19,732 [WARN] PackLoader:240 - Cannot read IP mode file for STMicroelectronics.X-CUBE-AZRTOS-H7.3.0.0
2023-08-05 11:14:19,750 [WARN] PackLoader:240 - Cannot read IP mode file for STMicroelectronics.X-CUBE-ISPU.1.1.0
2023-08-05 11:14:19,785 [WARN] PackLoader:240 - Cannot read IP mode file for RoweBots.I-CUBE-UNISONRTOS.5.5.0-4
2023-08-05 11:14:19,810 [WARN] PackLoader:240 - Cannot read IP mode file for STMicroelectronics.X-CUBE-FREERTOS.1.0.1
2023-08-05 11:14:19,938 [WARN] PackLoader:240 - Cannot read IP mode file for STMicroelectronics.X-CUBE-AZRTOS-L5.1.1.0
2023-08-05 11:14:19,958 [WARN] PackLoader:240 - Cannot read IP mode file for STMicroelectronics.X-CUBE-AI.8.0.1
2023-08-05 11:14:19,982 [WARN] PackLoader:240 - Cannot read IP mode file for STMicroelectronics.X-CUBE-SUBG2.5.0.0
2023-08-05 11:14:20,018 [WARN] PackLoader:240 - Cannot read IP mode file for STMicroelectronics.X-CUBE-TOF1.3.3.1
2023-08-05 11:14:20,079 [WARN] PackLoader:240 - Cannot read IP mode file for STMicroelectronics.X-CUBE-AZRTOS-G4.2.0.0
2023-08-05 11:14:20,164 [WARN] PackLoader:240 - Cannot read IP mode file for STMicroelectronics.X-CUBE-TOF1.3.3.0
2023-08-05 11:14:20,192 [WARN] PackLoader:240 - Cannot read IP mode file for STMicroelectronics.FP-ATR-ASTRA1.1.1.1
2023-08-05 11:14:20,261 [WARN] PackLoader:240 - Cannot read IP mode file for STMicroelectronics.X-CUBE-AZRTOS-G4.1.0.0
2023-08-05 11:14:20,306 [WARN] PackLoader:240 - Cannot read IP mode file for STMicroelectronics.X-CUBE-AZRTOS-L4.1.0.0
2023-08-05 11:14:20,353 [WARN] PackLoader:240 - Cannot read IP mode file for STMicroelectronics.X-CUBE-AZRTOS-WL.1.0.0
2023-08-05 11:14:20,365 [WARN] PackLoader:240 - Cannot read IP mode file for portGmbH.I-Cube-SoM-uGOAL.1.1.0
2023-08-05 11:14:20,375 [WARN] PackLoader:240 - Cannot read IP mode file for STMicroelectronics.X-CUBE-ALS.1.0.1
2023-08-05 11:14:20,402 [WARN] PackLoader:240 - Cannot read IP mode file for STMicroelectronics.X-CUBE-AZRTOS-WB.1.1.0
2023-08-05 11:14:20,452 [WARN] PackLoader:240 - Cannot read IP mode file for STMicroelectronics.X-CUBE-AZRTOS-L5.1.0.0
2023-08-05 11:14:20,469 [WARN] PackLoader:240 - Cannot read IP mode file for STMicroelectronics.X-CUBE-EEPRMA1.3.1.1
2023-08-05 11:14:20,477 [WARN] PackLoader:240 - Cannot read IP mode file for STMicroelectronics.FP-ATR-ASTRA1.2.0.0
2023-08-05 11:14:20,479 [INFO] ThirdParty:978 - Integrity check success = true
2023-08-05 11:14:20,479 [INFO] IntegrityCheckThread:100 - exiting critical section [integrity check]
2023-08-05 11:14:20,480 [INFO] IntegrityCheckThread:103 - End integrity checks thread
2023-08-05 11:14:41,290 [ERROR] LogOutputStream:75 - [STDERR_REDIRECT] SLF4J: Failed to load class "org.slf4j.impl.StaticLoggerBinder".
2023-08-05 11:14:41,291 [ERROR] LogOutputStream:75 - [STDERR_REDIRECT] SLF4J: Defaulting to no-operation (NOP) logger implementation
2023-08-05 11:14:41,294 [ERROR] LogOutputStream:75 - [STDERR_REDIRECT] SLF4J: See http://www.slf4j.org/codes.html#StaticLoggerBinder for further details.
