2023-08-04 14:21:05,390 [INFO] Activator:176 - 


2023-08-04 14:21:05,397 [INFO] Activator:177 - !SESSION log4j initialized
2023-08-04 14:21:20,998 [INFO] LogOutputStream:77 - [STDOUT_REDIRECT] 
2023-08-04 14:21:23,834 [INFO] ApplicationProperties:184 - Using Application install path: C:\ST\STM32CubeIDE_1.12.1\STM32CubeIDE\plugins\com.st.stm32cube.common.mx_6.9.0.202307051724
2023-08-04 14:21:23,871 [INFO] DbMcusXml:78 - Set database path to: C:\ST\STM32CubeIDE_1.12.1\STM32CubeIDE\plugins\com.st.stm32cube.common.mx_6.9.0.202307051724\\db\/mcu/
2023-08-04 14:21:23,871 [INFO] ApiDb:274 - Set plugin database path to: C:\ST\STM32CubeIDE_1.12.1\STM32CubeIDE\plugins\com.st.stm32cube.common.mx_6.9.0.202307051724\\db\/plugins/boardmanager/
2023-08-04 14:21:23,872 [WARN] ApiDb:259 - Overriding images path with different value:  => C:\ST\STM32CubeIDE_1.12.1\STM32CubeIDE\plugins\com.st.stm32cube.common.mx_6.9.0.202307051724\\db\/plugins/mcufinder/images/
2023-08-04 14:21:23,920 [INFO] ApiDb:250 - Set database path to: C:\Users\ravindra\.stmcufinder\plugins\mcufinder//mcu/
2023-08-04 14:21:23,922 [INFO] DbMcusAds:125 - Set database path to: C:\Users\ravindra\.stmcufinder\plugins\mcufinder//mcu/
2023-08-04 14:21:23,925 [INFO] CrossReferenceDbSqlite:203 - Set database path to: C:\Users\ravindra\.stmcufinder\plugins\mcufinder//mcu/cs/
2023-08-04 14:21:24,249 [INFO] RulesReader:64 - Compatibility file has been processed (293 Rules)
2023-08-04 14:21:24,575 [INFO] DbMcusXml:78 - Set database path to: C:\ST\STM32CubeIDE_1.12.1\STM32CubeIDE\plugins\com.st.stm32cube.common.mx_6.9.0.202307051724\\db\/mcu/
2023-08-04 14:21:24,575 [INFO] ApiDb:274 - Set plugin database path to: C:\ST\STM32CubeIDE_1.12.1\STM32CubeIDE\plugins\com.st.stm32cube.common.mx_6.9.0.202307051724\\db\/plugins/boardmanager/
2023-08-04 14:21:24,576 [INFO] ApiDb:261 - Set plugin images path to: C:\ST\STM32CubeIDE_1.12.1\STM32CubeIDE\plugins\com.st.stm32cube.common.mx_6.9.0.202307051724\\db\/plugins/mcufinder/images/
2023-08-04 14:21:24,576 [WARN] DbFile:41 - Overriding database path with different value: C:\Users\ravindra\.stmcufinder\plugins\mcufinder/ => C:\Users\ravindra\.stmcufinder\plugins\mcufinder
2023-08-04 14:21:24,576 [INFO] ApiDb:250 - Set database path to: C:\Users\ravindra\.stmcufinder\plugins\mcufinder//mcu/
2023-08-04 14:21:24,577 [WARN] DbFile:41 - Overriding database path with different value: C:\Users\ravindra\.stmcufinder\plugins\mcufinder/ => C:\Users\ravindra\.stmcufinder\plugins\mcufinder
2023-08-04 14:21:24,577 [INFO] DbMcusAds:125 - Set database path to: C:\Users\ravindra\.stmcufinder\plugins\mcufinder//mcu/
2023-08-04 14:21:24,577 [WARN] DbFile:41 - Overriding database path with different value: C:\Users\ravindra\.stmcufinder\plugins\mcufinder/ => C:\Users\ravindra\.stmcufinder\plugins\mcufinder
2023-08-04 14:21:24,577 [WARN] DbFile:41 - Overriding database path with different value: C:\Users\ravindra\.stmcufinder\plugins\mcufinder/ => C:\Users\ravindra\.stmcufinder\plugins\mcufinder
2023-08-04 14:21:24,577 [INFO] CrossReferenceDbSqlite:203 - Set database path to: C:\Users\ravindra\.stmcufinder\plugins\mcufinder//mcu/cs/
2023-08-04 14:21:24,742 [INFO] MainPanel:262 - HeapMemory: 268435456
2023-08-04 14:21:25,485 [INFO] DbMcusXml:78 - Set database path to: C:\ST\STM32CubeIDE_1.12.1\STM32CubeIDE\plugins\com.st.stm32cube.common.mx_6.9.0.202307051724\\db\/mcu/
2023-08-04 14:21:25,486 [INFO] ApiDb:274 - Set plugin database path to: C:\ST\STM32CubeIDE_1.12.1\STM32CubeIDE\plugins\com.st.stm32cube.common.mx_6.9.0.202307051724\\db\/plugins/boardmanager/
2023-08-04 14:21:25,486 [INFO] ApiDb:261 - Set plugin images path to: C:\ST\STM32CubeIDE_1.12.1\STM32CubeIDE\plugins\com.st.stm32cube.common.mx_6.9.0.202307051724\\db\/plugins/mcufinder/images/
2023-08-04 14:21:25,487 [WARN] DbFile:41 - Overriding database path with different value: C:\Users\ravindra\.stmcufinder\plugins\mcufinder/ => C:\Users\ravindra\.stmcufinder\plugins\mcufinder
2023-08-04 14:21:25,487 [INFO] ApiDb:250 - Set database path to: C:\Users\ravindra\.stmcufinder\plugins\mcufinder//mcu/
2023-08-04 14:21:25,487 [WARN] DbFile:41 - Overriding database path with different value: C:\Users\ravindra\.stmcufinder\plugins\mcufinder/ => C:\Users\ravindra\.stmcufinder\plugins\mcufinder
2023-08-04 14:21:25,487 [INFO] DbMcusAds:125 - Set database path to: C:\Users\ravindra\.stmcufinder\plugins\mcufinder//mcu/
2023-08-04 14:21:25,487 [WARN] DbFile:41 - Overriding database path with different value: C:\Users\ravindra\.stmcufinder\plugins\mcufinder/ => C:\Users\ravindra\.stmcufinder\plugins\mcufinder
2023-08-04 14:21:25,487 [WARN] DbFile:41 - Overriding database path with different value: C:\Users\ravindra\.stmcufinder\plugins\mcufinder/ => C:\Users\ravindra\.stmcufinder\plugins\mcufinder
2023-08-04 14:21:25,487 [INFO] CrossReferenceDbSqlite:203 - Set database path to: C:\Users\ravindra\.stmcufinder\plugins\mcufinder//mcu/cs/
2023-08-04 14:21:25,508 [INFO] ApplicationProperties:184 - Using Application install path: C:\ST\STM32CubeIDE_1.12.1\STM32CubeIDE\plugins\com.st.stm32cube.common.mx_6.9.0.202307051724
2023-08-04 14:21:25,510 [INFO] PluginManage:196 - Search for loadable plugins [exclusion list=, ]
2023-08-04 14:21:25,511 [INFO] PluginManage:310 - Check plugin analytics
2023-08-04 14:21:25,748 [INFO] AnalyticsPlugin:253 - Accepted Software Licenses: STM32CubeMX.6.4.0,STM32CubeMX.6.8.1
2023-08-04 14:21:25,748 [INFO] AnalyticsPlugin:255 - Accepted CMSIS Pack Licenses: 
2023-08-04 14:21:25,749 [INFO] AnalyticsPlugin:257 - Accepted Firmware Licenses: FW.F4.1.27.0
2023-08-04 14:21:25,753 [INFO] PluginManage:359 - Loaded plugin analytics (category:tool,tabindex:-1)
2023-08-04 14:21:25,754 [INFO] PluginManage:310 - Check plugin cadmodel
2023-08-04 14:21:25,778 [INFO] CADModel:105 - Init CAD model plugin
2023-08-04 14:21:25,778 [INFO] PluginManage:359 - Loaded plugin cadmodel (category:power,tabindex:5)
2023-08-04 14:21:25,779 [INFO] PluginManage:310 - Check plugin clock
2023-08-04 14:21:25,792 [INFO] PluginManage:359 - Loaded plugin clock (category:base,tabindex:2)
2023-08-04 14:21:25,792 [INFO] PluginManage:310 - Check plugin ddr
2023-08-04 14:21:25,810 [INFO] PluginManage:359 - Loaded plugin ddr (category:tool,tabindex:6)
2023-08-04 14:21:25,810 [INFO] PluginManage:310 - Check plugin filemanager
2023-08-04 14:21:26,128 [INFO] PluginManage:359 - Loaded plugin filemanager (category:base,tabindex:10)
2023-08-04 14:21:26,128 [INFO] PluginManage:310 - Check plugin ipmanager
2023-08-04 14:21:26,161 [INFO] PluginManage:359 - Loaded plugin ipmanager (category:base,tabindex:5)
2023-08-04 14:21:26,161 [INFO] PluginManage:310 - Check plugin lpbam
2023-08-04 14:21:26,174 [INFO] PluginManage:359 - Loaded plugin lpbam (category:base,tabindex:0)
2023-08-04 14:21:26,174 [INFO] PluginManage:310 - Check plugin memorymap
2023-08-04 14:21:26,214 [INFO] PluginManage:359 - Loaded plugin memorymap (category:base,tabindex:4)
2023-08-04 14:21:26,214 [INFO] PluginManage:310 - Check plugin pinoutandconfiguration
2023-08-04 14:21:26,224 [INFO] PluginManage:359 - Loaded plugin pinoutandconfiguration (category:base,tabindex:1)
2023-08-04 14:21:26,224 [INFO] PluginManage:310 - Check plugin pinoutconfig
2023-08-04 14:21:26,455 [WARN] SupportedApi:132 - Cannot load RTOS API schema: s4s-elt-must-match.1: The content of 'definitions' must match (annotation?, (simpleType | complexType)?, (unique | key | keyref)*)). A problem was found starting at: attribute.
2023-08-04 14:21:26,663 [INFO] PluginManage:359 - Loaded plugin pinoutconfig (category:base,tabindex:0)
2023-08-04 14:21:26,663 [INFO] PluginManage:310 - Check plugin power
2023-08-04 14:21:26,708 [INFO] PluginManage:359 - Loaded plugin power (category:power,tabindex:4)
2023-08-04 14:21:26,709 [INFO] PluginManage:310 - Check plugin projectmanager
2023-08-04 14:21:26,765 [INFO] PluginManage:359 - Loaded plugin projectmanager (category:projectmanager,tabindex:3)
2023-08-04 14:21:26,766 [INFO] PluginManage:310 - Check plugin thirdparty
2023-08-04 14:21:27,154 [WARN] IntegrityCheckThread:84 - waiting for thirdparty lock release [integrity check]
2023-08-04 14:21:27,154 [INFO] PluginManage:359 - Loaded plugin thirdparty (category:base,tabindex:-1)
2023-08-04 14:21:27,154 [INFO] IntegrityCheckThread:86 - entering critical section [integrity check]
2023-08-04 14:21:27,155 [INFO] PluginManage:310 - Check plugin tools
2023-08-04 14:21:27,155 [INFO] ThirdPartyUpdaterWithRetryManager:70 - Updater plugin not ready yet. [1/15]
2023-08-04 14:21:27,159 [INFO] PluginManage:359 - Loaded plugin tools (category:base,tabindex:7)
2023-08-04 14:21:27,159 [INFO] PluginManage:310 - Check plugin tutovideos
2023-08-04 14:21:27,597 [INFO] PluginManage:359 - Loaded plugin tutovideos (category:base,tabindex:-1)
2023-08-04 14:21:27,597 [INFO] PluginManage:310 - Check plugin updater
2023-08-04 14:21:27,606 [INFO] PluginManage:359 - Loaded plugin updater (category:base,tabindex:12)
2023-08-04 14:21:27,607 [INFO] PluginManage:310 - Check plugin userauth
2023-08-04 14:21:27,642 [INFO] UserAuth:113 - Init User Auth plugin
2023-08-04 14:21:27,643 [INFO] PluginManage:359 - Loaded plugin userauth (category:base,tabindex:14)
2023-08-04 14:21:27,643 [INFO] PluginManage:283 - PluginManage : Loaded plugins [17]
2023-08-04 14:21:28,094 [INFO] PinOutPanel:1499 - setPackage(No Configuration,No Configuration)
2023-08-04 14:21:28,304 [INFO] CADModel:165 - CPN selected for project level
2023-08-04 14:21:28,304 [INFO] CADModel:114 - Register for checkConnection events
2023-08-04 14:21:28,339 [INFO] IPUIPlugin:80 - create IPUIPlugin
2023-08-04 14:21:28,339 [INFO] PluginManager:220 - loadIPPluginJar : add adc
2023-08-04 14:21:28,342 [INFO] IPUIPlugin:80 - create IPUIPlugin
2023-08-04 14:21:28,342 [INFO] PluginManager:220 - loadIPPluginJar : add aes
2023-08-04 14:21:28,345 [INFO] IPUIPlugin:80 - create IPUIPlugin
2023-08-04 14:21:28,345 [INFO] PluginManager:220 - loadIPPluginJar : add can
2023-08-04 14:21:28,347 [INFO] IPUIPlugin:80 - create IPUIPlugin
2023-08-04 14:21:28,347 [INFO] PluginManager:220 - loadIPPluginJar : add comp
2023-08-04 14:21:28,350 [INFO] IPUIPlugin:80 - create IPUIPlugin
2023-08-04 14:21:28,350 [INFO] PluginManager:220 - loadIPPluginJar : add cryp
2023-08-04 14:21:28,353 [INFO] IPUIPlugin:80 - create IPUIPlugin
2023-08-04 14:21:28,353 [INFO] PluginManager:220 - loadIPPluginJar : add dfsdm
2023-08-04 14:21:28,359 [INFO] IPUIPlugin:80 - create IPUIPlugin
2023-08-04 14:21:28,375 [INFO] PluginManager:220 - loadIPPluginJar : add dma
2023-08-04 14:21:28,378 [INFO] IPUIPlugin:80 - create IPUIPlugin
2023-08-04 14:21:28,378 [INFO] PluginManager:220 - loadIPPluginJar : add dma3
2023-08-04 14:21:28,380 [INFO] IPUIPlugin:80 - create IPUIPlugin
2023-08-04 14:21:28,380 [INFO] PluginManager:220 - loadIPPluginJar : add fatfs
2023-08-04 14:21:28,384 [INFO] IPUIPlugin:80 - create IPUIPlugin
2023-08-04 14:21:28,385 [INFO] PluginManager:220 - loadIPPluginJar : add fmc
2023-08-04 14:21:28,391 [INFO] IPUIPlugin:80 - create IPUIPlugin
2023-08-04 14:21:28,392 [INFO] PluginManager:220 - loadIPPluginJar : add freertos
2023-08-04 14:21:28,393 [INFO] IPUIPlugin:80 - create IPUIPlugin
2023-08-04 14:21:28,393 [INFO] PluginManager:220 - loadIPPluginJar : add genericplugin
2023-08-04 14:21:28,395 [INFO] IPUIPlugin:80 - create IPUIPlugin
2023-08-04 14:21:28,395 [INFO] PluginManager:220 - loadIPPluginJar : add gfxmmu
2023-08-04 14:21:28,399 [INFO] IPUIPlugin:80 - create IPUIPlugin
2023-08-04 14:21:28,399 [INFO] PluginManager:220 - loadIPPluginJar : add gic
2023-08-04 14:21:28,404 [INFO] IPUIPlugin:80 - create IPUIPlugin
2023-08-04 14:21:28,404 [INFO] PluginManager:220 - loadIPPluginJar : add gpio
2023-08-04 14:21:28,407 [INFO] IPUIPlugin:80 - create IPUIPlugin
2023-08-04 14:21:28,407 [INFO] PluginManager:220 - loadIPPluginJar : add gtzc
2023-08-04 14:21:28,410 [INFO] IPUIPlugin:80 - create IPUIPlugin
2023-08-04 14:21:28,410 [INFO] PluginManager:220 - loadIPPluginJar : add hash
2023-08-04 14:21:28,412 [INFO] IPUIPlugin:80 - create IPUIPlugin
2023-08-04 14:21:28,413 [INFO] PluginManager:220 - loadIPPluginJar : add i2c
2023-08-04 14:21:28,415 [INFO] IPUIPlugin:80 - create IPUIPlugin
2023-08-04 14:21:28,415 [INFO] PluginManager:220 - loadIPPluginJar : add i2s
2023-08-04 14:21:28,418 [INFO] IPUIPlugin:80 - create IPUIPlugin
2023-08-04 14:21:28,418 [INFO] PluginManager:220 - loadIPPluginJar : add i3c
2023-08-04 14:21:28,455 [INFO] IPUIPlugin:80 - create IPUIPlugin
2023-08-04 14:21:28,455 [INFO] PluginManager:220 - loadIPPluginJar : add ipddr
2023-08-04 14:21:28,462 [INFO] IPUIPlugin:80 - create IPUIPlugin
2023-08-04 14:21:28,462 [INFO] PluginManager:220 - loadIPPluginJar : add linkedlist
2023-08-04 14:21:28,465 [INFO] IPUIPlugin:80 - create IPUIPlugin
2023-08-04 14:21:28,465 [INFO] PluginManager:220 - loadIPPluginJar : add lorawan
2023-08-04 14:21:28,467 [INFO] IPUIPlugin:80 - create IPUIPlugin
2023-08-04 14:21:28,467 [INFO] PluginManager:220 - loadIPPluginJar : add ltdc
2023-08-04 14:21:28,473 [INFO] IPUIPlugin:80 - create IPUIPlugin
2023-08-04 14:21:28,473 [INFO] PluginManager:220 - loadIPPluginJar : add mdma
2023-08-04 14:21:28,476 [INFO] IPUIPlugin:80 - create IPUIPlugin
2023-08-04 14:21:28,476 [INFO] PluginManager:220 - loadIPPluginJar : add nvic
2023-08-04 14:21:28,479 [INFO] IPUIPlugin:80 - create IPUIPlugin
2023-08-04 14:21:28,479 [INFO] PluginManager:220 - loadIPPluginJar : add opamp
2023-08-04 14:21:28,482 [INFO] IPUIPlugin:80 - create IPUIPlugin
2023-08-04 14:21:28,482 [INFO] PluginManager:220 - loadIPPluginJar : add openamp
2023-08-04 14:21:28,486 [INFO] IPUIPlugin:80 - create IPUIPlugin
2023-08-04 14:21:28,486 [INFO] PluginManager:220 - loadIPPluginJar : add pdm2pcm
2023-08-04 14:21:28,491 [INFO] IPUIPlugin:80 - create IPUIPlugin
2023-08-04 14:21:28,494 [INFO] PluginManager:220 - loadIPPluginJar : add plateformsettings
2023-08-04 14:21:28,495 [INFO] IPUIPlugin:80 - create IPUIPlugin
2023-08-04 14:21:28,495 [INFO] PluginManager:220 - loadIPPluginJar : add quadspi
2023-08-04 14:21:28,498 [INFO] IPUIPlugin:80 - create IPUIPlugin
2023-08-04 14:21:28,498 [INFO] PluginManager:220 - loadIPPluginJar : add resmgrutility
2023-08-04 14:21:28,501 [INFO] IPUIPlugin:80 - create IPUIPlugin
2023-08-04 14:21:28,501 [INFO] PluginManager:220 - loadIPPluginJar : add sai
2023-08-04 14:21:28,503 [INFO] IPUIPlugin:80 - create IPUIPlugin
2023-08-04 14:21:28,503 [INFO] PluginManager:220 - loadIPPluginJar : add spi
2023-08-04 14:21:28,507 [INFO] IPUIPlugin:80 - create IPUIPlugin
2023-08-04 14:21:28,507 [INFO] PluginManager:220 - loadIPPluginJar : add stm32_wpan
2023-08-04 14:21:28,509 [INFO] IPUIPlugin:80 - create IPUIPlugin
2023-08-04 14:21:28,509 [INFO] PluginManager:220 - loadIPPluginJar : add tim
2023-08-04 14:21:28,512 [INFO] IPUIPlugin:80 - create IPUIPlugin
2023-08-04 14:21:28,512 [INFO] PluginManager:220 - loadIPPluginJar : add touchsensing
2023-08-04 14:21:28,514 [INFO] IPUIPlugin:80 - create IPUIPlugin
2023-08-04 14:21:28,514 [INFO] PluginManager:220 - loadIPPluginJar : add tracer_emb
2023-08-04 14:21:28,515 [INFO] IPUIPlugin:80 - create IPUIPlugin
2023-08-04 14:21:28,516 [INFO] PluginManager:220 - loadIPPluginJar : add ts
2023-08-04 14:21:28,517 [INFO] IPUIPlugin:80 - create IPUIPlugin
2023-08-04 14:21:28,517 [INFO] PluginManager:220 - loadIPPluginJar : add tsc
2023-08-04 14:21:28,519 [INFO] IPUIPlugin:80 - create IPUIPlugin
2023-08-04 14:21:28,519 [INFO] PluginManager:220 - loadIPPluginJar : add ucpd
2023-08-04 14:21:28,523 [INFO] IPUIPlugin:80 - create IPUIPlugin
2023-08-04 14:21:28,523 [INFO] PluginManager:220 - loadIPPluginJar : add usart
2023-08-04 14:21:28,526 [INFO] IPUIPlugin:80 - create IPUIPlugin
2023-08-04 14:21:28,526 [INFO] PluginManager:220 - loadIPPluginJar : add usbx
2023-08-04 14:21:28,698 [INFO] CADModel:165 - CPN selected for project level
2023-08-04 14:21:28,699 [INFO] CADModel:114 - Register for checkConnection events
2023-08-04 14:21:28,699 [FATAL] Updater:308 - Updater called before beeing initialized
2023-08-04 14:21:28,699 [ERROR] CADModel:125 - Updater not yet initialized, retry later 
2023-08-04 14:21:28,919 [INFO] CADModel:165 - CPN selected for project level
2023-08-04 14:21:28,919 [INFO] CADModel:114 - Register for checkConnection events
2023-08-04 14:21:28,919 [FATAL] Updater:308 - Updater called before beeing initialized
2023-08-04 14:21:28,919 [ERROR] CADModel:125 - Updater not yet initialized, retry later 
2023-08-04 14:21:28,923 [FATAL] Updater:308 - Updater called before beeing initialized
2023-08-04 14:21:29,234 [FATAL] Updater:308 - Updater called before beeing initialized
2023-08-04 14:21:29,239 [INFO] DbMcusAds:53 - JSON generation date=Tue Mar 07 14:20:55 IST 2023 (1678179055114)
2023-08-04 14:21:29,239 [FATAL] Updater:308 - Updater called before beeing initialized
2023-08-04 14:21:29,376 [WARN] DetailPanel:346 - Failed to get advertising image, set to default
2023-08-04 14:21:29,555 [FATAL] Updater:308 - Updater called before beeing initialized
2023-08-04 14:21:29,564 [FATAL] Updater:308 - Updater called before beeing initialized
2023-08-04 14:21:29,565 [FATAL] Updater:308 - Updater called before beeing initialized
2023-08-04 14:21:29,565 [WARN] DetailPanel:346 - Failed to get advertising image, set to default
2023-08-04 14:21:29,566 [FATAL] Updater:308 - Updater called before beeing initialized
2023-08-04 14:21:29,649 [ERROR] Updater:1120 - MainUpdater not yet initialized. External WinMGr cannot be set.
2023-08-04 14:21:29,664 [INFO] Updater:1056 - Updater Version found : 6.9.0
2023-08-04 14:21:29,686 [INFO] ApplicationProperties:184 - Using Application install path: C:\ST\STM32CubeIDE_1.12.1\STM32CubeIDE\plugins\com.st.stm32cube.common.mx_6.9.0.202307051724
2023-08-04 14:21:30,156 [INFO] ThirdPartyUpdaterWithRetryManager:70 - Updater plugin not ready yet. [2/15]
2023-08-04 14:21:30,495 [INFO] MainUpdater:2868 - connection check result : 10
2023-08-04 14:21:30,496 [INFO] MainUpdater:285 - Updater Check For Update Now.
2023-08-04 14:21:30,496 [INFO] MicroXplorer:498 - Change Database Version : DB.6.0.90
2023-08-04 14:21:30,527 [INFO] McuFinderGlobals:63 - Set McuFinder mode to 2 (CubeIDE integrated)
2023-08-04 14:21:30,527 [INFO] UserAuth:179 - activating auth plugin
2023-08-04 14:21:30,531 [INFO] UserAuth:393 - Internet connection configuration mode: 1
2023-08-04 14:21:30,868 [INFO] JxBrowserEngine:151 - Initiate JxBrowser Engine with user profile folder
2023-08-04 14:21:30,972 [INFO] CheckServerUpdateThread:120 - End of CheckServer Thread
2023-08-04 14:21:39,400 [WARN] PackLoader:240 - Cannot read IP mode file for STMicroelectronics.X-CUBE-SMBUS.2.1.0
2023-08-04 14:21:39,491 [WARN] PackLoader:240 - Cannot read IP mode file for STMicroelectronics.X-CUBE-AZRTOS-F7.1.1.0
2023-08-04 14:21:39,526 [WARN] PackLoader:240 - Cannot read IP mode file for STMicroelectronics.FP-SNS-MOTENV1.4.3.2
2023-08-04 14:21:39,546 [WARN] PackLoader:240 - Cannot read IP mode file for STMicroelectronics.FP-SNS-FLIGHT1.5.0.1
2023-08-04 14:21:39,564 [WARN] PackLoader:240 - Cannot read IP mode file for STMicroelectronics.X-CUBE-BLE1.6.2.3
2023-08-04 14:21:39,632 [WARN] PackLoader:240 - Cannot read IP mode file for STMicroelectronics.X-CUBE-BLE1.6.2.4
2023-08-04 14:21:39,662 [WARN] PackLoader:240 - Cannot read IP mode file for STMicroelectronics.FP-SNS-FLIGHT1.5.0.2
2023-08-04 14:21:39,736 [WARN] PackLoader:240 - Cannot read IP mode file for STMicroelectronics.X-CUBE-DISPLAY.3.0.0
2023-08-04 14:21:39,997 [WARN] PackLoader:240 - Cannot read IP mode file for STMicroelectronics.X-CUBE-TOUCHGFX.4.22.0
2023-08-04 14:21:40,019 [INFO] WebApp:157 - Instantiating new browser for Auth
2023-08-04 14:21:40,097 [WARN] PackLoader:240 - Cannot read IP mode file for STMicroelectronics.X-CUBE-MEMS1.9.3.0
2023-08-04 14:21:40,331 [INFO] LogOutputStream:77 - [STDOUT_REDIRECT] 1 : Invalid condition id : UX_CORESTACK_Condition cause : null
2023-08-04 14:21:40,332 [INFO] LogOutputStream:77 - [STDOUT_REDIRECT] 1 : Invalid condition id : UX_CORESTACK_Condition cause : null
2023-08-04 14:21:40,335 [INFO] LogOutputStream:77 - [STDOUT_REDIRECT] 1 : Invalid condition id : UX_CORESTACK_Condition cause : null
2023-08-04 14:21:40,337 [INFO] LogOutputStream:77 - [STDOUT_REDIRECT] 1 : Invalid condition id : UX_CORESTACK_Condition cause : null
2023-08-04 14:21:40,339 [INFO] LogOutputStream:77 - [STDOUT_REDIRECT] 1 : Invalid condition id : UX_CORESTACK_Condition cause : null
2023-08-04 14:21:40,345 [WARN] PackLoader:240 - Cannot read IP mode file for STMicroelectronics.X-CUBE-AZRTOS-WL.2.0.0
2023-08-04 14:21:40,399 [WARN] PackLoader:240 - Cannot read IP mode file for WES.I-CUBE-Cesium.1.3.0
2023-08-04 14:21:40,424 [WARN] PackLoader:240 - Cannot read IP mode file for STMicroelectronics.X-CUBE-BLE2.3.3.0
2023-08-04 14:21:40,489 [WARN] PackLoader:240 - Cannot read IP mode file for STMicroelectronics.X-CUBE-DISPLAY.2.2.0
2023-08-04 14:21:40,539 [WARN] PackLoader:240 - Cannot read IP mode file for STMicroelectronics.X-CUBE-TOF1.3.2.0
2023-08-04 14:21:40,601 [WARN] PackLoader:240 - Cannot read IP mode file for STMicroelectronics.X-CUBE-ISPU.1.0.0
2023-08-04 14:21:40,663 [WARN] PackLoader:240 - Cannot read IP mode file for STMicroelectronics.X-CUBE-AZRTOS-H7.2.1.0
2023-08-04 14:21:40,728 [WARN] PackLoader:240 - Cannot read IP mode file for STMicroelectronics.X-CUBE-TOUCHGFX.4.21.1
2023-08-04 14:21:40,760 [WARN] PackLoader:240 - Cannot read IP mode file for STMicroelectronics.X-CUBE-TOUCHGFX.4.21.0
2023-08-04 14:21:40,834 [WARN] PackLoader:240 - Cannot read IP mode file for STMicroelectronics.X-CUBE-MEMS1.9.4.0
2023-08-04 14:21:40,999 [WARN] PackLoader:240 - Cannot read IP mode file for STMicroelectronics.X-CUBE-AI.7.3.0
2023-08-04 14:21:41,023 [WARN] PackLoader:240 - Cannot read IP mode file for STMicroelectronics.X-CUBE-ALGOBUILD.1.3.0
2023-08-04 14:21:41,073 [WARN] PackLoader:240 - Cannot read IP mode file for STMicroelectronics.X-CUBE-AZRTOS-G0.1.1.0
2023-08-04 14:21:41,107 [WARN] PackLoader:240 - Cannot read IP mode file for STMicroelectronics.X-CUBE-NFC4.3.0.0
2023-08-04 14:21:41,212 [WARN] PackLoader:240 - Cannot read IP mode file for SEGGER.I-CUBE-embOS.1.2.1
2023-08-04 14:21:41,349 [WARN] PackLoader:240 - Cannot read IP mode file for STMicroelectronics.X-CUBE-BLEMGR.1.3.0
2023-08-04 14:21:41,384 [WARN] PackLoader:240 - Cannot read IP mode file for STMicroelectronics.FP-ATR-SIGFOX1.3.2.0
2023-08-04 14:21:41,395 [WARN] PackLoader:240 - Cannot read IP mode file for STMicroelectronics.X-CUBE-TOUCHGFX.4.20.0
2023-08-04 14:21:41,484 [WARN] PackLoader:240 - Cannot read IP mode file for SEGGER.I-CUBE-embOS.1.3.1
2023-08-04 14:21:41,570 [WARN] PackLoader:240 - Cannot read IP mode file for STMicroelectronics.X-CUBE-GNSS1.6.0.0
2023-08-04 14:21:41,634 [WARN] PackLoader:240 - Cannot read IP mode file for STMicroelectronics.X-CUBE-AZRTOS-F4.1.1.0
2023-08-04 14:21:41,689 [WARN] PackLoader:240 - Cannot read IP mode file for STMicroelectronics.X-CUBE-BLEMGR.1.2.0
2023-08-04 14:21:41,833 [WARN] PackLoader:240 - Cannot read IP mode file for STMicroelectronics.X-CUBE-MEMS1.9.6.0
2023-08-04 14:21:42,086 [WARN] PackLoader:240 - Cannot read IP mode file for emotas.I-CUBE-CANOPEN.1.1.3
2023-08-04 14:21:42,107 [WARN] PackLoader:240 - Cannot read IP mode file for STMicroelectronics.X-CUBE-BLEMGR.2.0.0
2023-08-04 14:21:42,130 [WARN] PackLoader:240 - Cannot read IP mode file for STMicroelectronics.X-CUBE-NFC4.2.0.5
2023-08-04 14:21:42,146 [WARN] PackLoader:240 - Cannot read IP mode file for STMicroelectronics.X-CUBE-NFC4.2.0.4
2023-08-04 14:21:42,230 [WARN] ConditionMgr:438 - getConditionDescription Invalid condition id : UX DEVICE CLASS RTOS Condition cause : null
2023-08-04 14:21:42,230 [WARN] ConditionMgr:438 - getConditionDescription Invalid condition id : UX DEVICE CLASS RTOS Condition cause : null
2023-08-04 14:21:42,233 [WARN] PackLoader:240 - Cannot read IP mode file for STMicroelectronics.X-CUBE-AZRTOS-H7.3.1.0
2023-08-04 14:21:42,234 [WARN] ConditionMgr:1039 - genDependencies : Invalid condition id : UX DEVICE CLASS RTOS Condition cause : null
2023-08-04 14:21:42,235 [WARN] ConditionMgr:1039 - genDependencies : Invalid condition id : UX DEVICE CLASS RTOS Condition cause : null
2023-08-04 14:21:42,235 [WARN] ConditionMgr:1039 - genDependencies : Invalid condition id : UX DEVICE CLASS RTOS Condition cause : null
2023-08-04 14:21:42,236 [WARN] ConditionMgr:1039 - genDependencies : Invalid condition id : UX DEVICE CLASS RTOS Condition cause : null
2023-08-04 14:21:42,236 [WARN] ConditionMgr:1039 - genDependencies : Invalid condition id : UX DEVICE CLASS RTOS Condition cause : null
2023-08-04 14:21:42,265 [WARN] PackLoader:240 - Cannot read IP mode file for wolfSSL.I-CUBE-wolfSSL.5.5.1
2023-08-04 14:21:42,283 [WARN] PackLoader:240 - Cannot read IP mode file for STMicroelectronics.X-CUBE-NFC7.1.0.1
2023-08-04 14:21:42,313 [WARN] PackLoader:240 - Cannot read IP mode file for STMicroelectronics.X-CUBE-NFC7.1.0.0
2023-08-04 14:21:42,337 [WARN] PackLoader:240 - Cannot read IP mode file for STMicroelectronics.X-CUBE-EEPRMA1.4.1.0
2023-08-04 14:21:42,414 [WARN] ConditionMgr:438 - getConditionDescription Invalid condition id : LAN8742 Phy interface Condition cause : null
2023-08-04 14:21:42,415 [WARN] PackLoader:240 - Cannot read IP mode file for STMicroelectronics.X-CUBE-AZRTOS-L4.2.0.0
2023-08-04 14:21:42,417 [WARN] ConditionMgr:1039 - genDependencies : Invalid condition id : LAN8742 Phy interface Condition cause : null
2023-08-04 14:21:42,418 [WARN] ConditionMgr:1039 - genDependencies : Invalid condition id : LAN8742 Phy interface Condition cause : null
2023-08-04 14:21:42,419 [WARN] ConditionMgr:1039 - genDependencies : Invalid condition id : LAN8742 Phy interface Condition cause : null
2023-08-04 14:21:42,431 [INFO] WebApp:753 - Register for checkConnection events
2023-08-04 14:21:42,431 [INFO] WebApp:390 - Apply proxy settings
2023-08-04 14:21:42,432 [INFO] WebApp:475 - Chromium requires no authentication
2023-08-04 14:21:42,446 [WARN] PackLoader:240 - Cannot read IP mode file for STMicroelectronics.X-CUBE-SFXS2LP1.4.0.0
2023-08-04 14:21:42,449 [INFO] WebApp:418 - Direct internet connection detected
2023-08-04 14:21:42,493 [WARN] PackLoader:240 - Cannot read IP mode file for STMicroelectronics.X-CUBE-AZRTOS-H7.3.0.0
2023-08-04 14:21:42,519 [WARN] PackLoader:240 - Cannot read IP mode file for STMicroelectronics.X-CUBE-ISPU.1.1.0
2023-08-04 14:21:42,556 [WARN] PackLoader:240 - Cannot read IP mode file for RoweBots.I-CUBE-UNISONRTOS.5.5.0-4
2023-08-04 14:21:42,580 [WARN] PackLoader:240 - Cannot read IP mode file for STMicroelectronics.X-CUBE-FREERTOS.1.0.1
2023-08-04 14:21:42,665 [WARN] PackLoader:240 - Cannot read IP mode file for STMicroelectronics.X-CUBE-AZRTOS-L5.1.1.0
2023-08-04 14:21:42,696 [WARN] PackLoader:240 - Cannot read IP mode file for STMicroelectronics.X-CUBE-AI.8.0.1
2023-08-04 14:21:42,782 [WARN] PackLoader:240 - Cannot read IP mode file for STMicroelectronics.X-CUBE-SUBG2.5.0.0
2023-08-04 14:21:42,821 [WARN] PackLoader:240 - Cannot read IP mode file for STMicroelectronics.X-CUBE-TOF1.3.3.1
2023-08-04 14:21:42,870 [WARN] PackLoader:240 - Cannot read IP mode file for STMicroelectronics.X-CUBE-AZRTOS-G4.2.0.0
2023-08-04 14:21:42,914 [WARN] PackLoader:240 - Cannot read IP mode file for STMicroelectronics.X-CUBE-TOF1.3.3.0
2023-08-04 14:21:42,943 [WARN] PackLoader:240 - Cannot read IP mode file for STMicroelectronics.FP-ATR-ASTRA1.1.1.1
2023-08-04 14:21:43,039 [WARN] PackLoader:240 - Cannot read IP mode file for STMicroelectronics.X-CUBE-AZRTOS-G4.1.0.0
2023-08-04 14:21:43,058 [INFO] WebApp:188 - Starting web application
2023-08-04 14:21:43,058 [INFO] WebApp:520 - Web application path used C:\ST\STM32CubeIDE_1.12.1\STM32CubeIDE\plugins\com.st.stm32cube.common.mx_6.9.0.202307051724\db\plugins\mcufinder\reactClient1\index.html
2023-08-04 14:21:43,101 [WARN] PackLoader:240 - Cannot read IP mode file for STMicroelectronics.X-CUBE-AZRTOS-L4.1.0.0
2023-08-04 14:21:43,182 [WARN] PackLoader:240 - Cannot read IP mode file for STMicroelectronics.X-CUBE-AZRTOS-WL.1.0.0
2023-08-04 14:21:43,200 [WARN] PackLoader:240 - Cannot read IP mode file for portGmbH.I-Cube-SoM-uGOAL.1.1.0
2023-08-04 14:21:43,215 [WARN] PackLoader:240 - Cannot read IP mode file for STMicroelectronics.X-CUBE-ALS.1.0.1
2023-08-04 14:21:43,249 [WARN] PackLoader:240 - Cannot read IP mode file for STMicroelectronics.X-CUBE-AZRTOS-WB.1.1.0
2023-08-04 14:21:43,301 [WARN] PackLoader:240 - Cannot read IP mode file for STMicroelectronics.X-CUBE-AZRTOS-L5.1.0.0
2023-08-04 14:21:43,329 [WARN] PackLoader:240 - Cannot read IP mode file for STMicroelectronics.X-CUBE-EEPRMA1.3.1.1
2023-08-04 14:21:43,690 [WARN] PackLoader:240 - Cannot read IP mode file for STMicroelectronics.FP-ATR-ASTRA1.2.0.0
2023-08-04 14:21:43,692 [INFO] ThirdParty:978 - Integrity check success = true
2023-08-04 14:21:43,692 [INFO] IntegrityCheckThread:100 - exiting critical section [integrity check]
2023-08-04 14:21:43,692 [INFO] IntegrityCheckThread:103 - End integrity checks thread
2023-08-04 14:22:05,328 [ERROR] LogOutputStream:75 - [STDERR_REDIRECT] SLF4J: Failed to load class "org.slf4j.impl.StaticLoggerBinder".
2023-08-04 14:22:05,329 [ERROR] LogOutputStream:75 - [STDERR_REDIRECT] SLF4J: Defaulting to no-operation (NOP) logger implementation
2023-08-04 14:22:05,332 [ERROR] LogOutputStream:75 - [STDERR_REDIRECT] SLF4J: See http://www.slf4j.org/codes.html#StaticLoggerBinder for further details.
